{"/home/laboratoria/Área de Trabalho/cardValidator/index.js":{"path":"/home/laboratoria/Área de Trabalho/cardValidator/index.js","statementMap":{"0":{"start":{"line":1,"column":0},"end":{"line":1,"column":45}},"1":{"start":{"line":4,"column":13},"end":{"line":4,"column":65}},"2":{"start":{"line":5,"column":2},"end":{"line":5,"column":14}},"3":{"start":{"line":10,"column":18},"end":{"line":10,"column":32}},"4":{"start":{"line":11,"column":2},"end":{"line":19,"column":3}},"5":{"start":{"line":12,"column":4},"end":{"line":12,"column":45}},"6":{"start":{"line":13,"column":8},"end":{"line":19,"column":3}},"7":{"start":{"line":14,"column":4},"end":{"line":14,"column":62}},"8":{"start":{"line":15,"column":8},"end":{"line":19,"column":3}},"9":{"start":{"line":16,"column":4},"end":{"line":16,"column":53}},"10":{"start":{"line":18,"column":4},"end":{"line":18,"column":39}},"11":{"start":{"line":23,"column":11},"end":{"line":23,"column":13}},"12":{"start":{"line":24,"column":2},"end":{"line":26,"column":3}},"13":{"start":{"line":25,"column":4},"end":{"line":25,"column":43}},"14":{"start":{"line":27,"column":2},"end":{"line":27,"column":16}},"15":{"start":{"line":29,"column":2},"end":{"line":29,"column":72}},"16":{"start":{"line":33,"column":17},"end":{"line":33,"column":18}},"17":{"start":{"line":34,"column":23},"end":{"line":34,"column":25}},"18":{"start":{"line":35,"column":2},"end":{"line":38,"column":3}},"19":{"start":{"line":36,"column":4},"end":{"line":36,"column":39}},"20":{"start":{"line":37,"column":4},"end":{"line":37,"column":16}},"21":{"start":{"line":39,"column":2},"end":{"line":39,"column":29}},"22":{"start":{"line":43,"column":17},"end":{"line":43,"column":18}},"23":{"start":{"line":44,"column":23},"end":{"line":44,"column":25}},"24":{"start":{"line":45,"column":2},"end":{"line":48,"column":3}},"25":{"start":{"line":46,"column":4},"end":{"line":46,"column":39}},"26":{"start":{"line":47,"column":4},"end":{"line":47,"column":16}},"27":{"start":{"line":49,"column":2},"end":{"line":49,"column":39}},"28":{"start":{"line":52,"column":20},"end":{"line":52,"column":22}},"29":{"start":{"line":53,"column":2},"end":{"line":60,"column":3}},"30":{"start":{"line":54,"column":19},"end":{"line":54,"column":27}},"31":{"start":{"line":55,"column":4},"end":{"line":59,"column":5}},"32":{"start":{"line":56,"column":6},"end":{"line":56,"column":35}},"33":{"start":{"line":58,"column":6},"end":{"line":58,"column":31}},"34":{"start":{"line":61,"column":2},"end":{"line":61,"column":26}},"35":{"start":{"line":65,"column":2},"end":{"line":65,"column":66}},"36":{"start":{"line":65,"column":40},"end":{"line":65,"column":59}}},"fnMap":{"0":{"name":"cardValidator","decl":{"start":{"line":3,"column":9},"end":{"line":3,"column":22}},"loc":{"start":{"line":3,"column":29},"end":{"line":6,"column":1}},"line":3},"1":{"name":"confirmValidInput","decl":{"start":{"line":9,"column":9},"end":{"line":9,"column":26}},"loc":{"start":{"line":9,"column":31},"end":{"line":20,"column":1}},"line":9},"2":{"name":"toArrayOfNumbers","decl":{"start":{"line":22,"column":9},"end":{"line":22,"column":25}},"loc":{"start":{"line":22,"column":35},"end":{"line":30,"column":1}},"line":22},"3":{"name":"newArrayOfFirstPositions","decl":{"start":{"line":32,"column":9},"end":{"line":32,"column":33}},"loc":{"start":{"line":32,"column":39},"end":{"line":40,"column":1}},"line":32},"4":{"name":"newArrayOfSecondPositions","decl":{"start":{"line":42,"column":9},"end":{"line":42,"column":34}},"loc":{"start":{"line":42,"column":40},"end":{"line":50,"column":1}},"line":42},"5":{"name":"doubleNumbers","decl":{"start":{"line":51,"column":9},"end":{"line":51,"column":22}},"loc":{"start":{"line":51,"column":27},"end":{"line":62,"column":1}},"line":51},"6":{"name":"sum","decl":{"start":{"line":64,"column":9},"end":{"line":64,"column":12}},"loc":{"start":{"line":64,"column":17},"end":{"line":66,"column":1}},"line":64},"7":{"name":"(anonymous_7)","decl":{"start":{"line":65,"column":21},"end":{"line":65,"column":22}},"loc":{"start":{"line":65,"column":39},"end":{"line":65,"column":60}},"line":65}},"branchMap":{"0":{"loc":{"start":{"line":4,"column":13},"end":{"line":4,"column":65}},"type":"cond-expr","locations":[{"start":{"line":4,"column":53},"end":{"line":4,"column":57}},{"start":{"line":4,"column":60},"end":{"line":4,"column":65}}],"line":4},"1":{"loc":{"start":{"line":11,"column":2},"end":{"line":19,"column":3}},"type":"if","locations":[{"start":{"line":11,"column":2},"end":{"line":19,"column":3}},{"start":{"line":11,"column":2},"end":{"line":19,"column":3}}],"line":11},"2":{"loc":{"start":{"line":13,"column":8},"end":{"line":19,"column":3}},"type":"if","locations":[{"start":{"line":13,"column":8},"end":{"line":19,"column":3}},{"start":{"line":13,"column":8},"end":{"line":19,"column":3}}],"line":13},"3":{"loc":{"start":{"line":13,"column":12},"end":{"line":13,"column":78}},"type":"binary-expr","locations":[{"start":{"line":13,"column":12},"end":{"line":13,"column":28}},{"start":{"line":13,"column":32},"end":{"line":13,"column":53}},{"start":{"line":13,"column":57},"end":{"line":13,"column":78}}],"line":13},"4":{"loc":{"start":{"line":15,"column":8},"end":{"line":19,"column":3}},"type":"if","locations":[{"start":{"line":15,"column":8},"end":{"line":19,"column":3}},{"start":{"line":15,"column":8},"end":{"line":19,"column":3}}],"line":15},"5":{"loc":{"start":{"line":55,"column":4},"end":{"line":59,"column":5}},"type":"if","locations":[{"start":{"line":55,"column":4},"end":{"line":59,"column":5}},{"start":{"line":55,"column":4},"end":{"line":59,"column":5}}],"line":55}},"s":{"0":1,"1":16,"2":7,"3":16,"4":16,"5":4,"6":12,"7":4,"8":8,"9":1,"10":7,"11":7,"12":7,"13":107,"14":7,"15":7,"16":7,"17":7,"18":7,"19":55,"20":55,"21":7,"22":7,"23":7,"24":7,"25":52,"26":52,"27":7,"28":7,"29":7,"30":52,"31":52,"32":16,"33":36,"34":7,"35":14,"36":107},"f":{"0":16,"1":16,"2":7,"3":7,"4":7,"5":7,"6":14,"7":107},"b":{"0":[4,3],"1":[4,12],"2":[4,8],"3":[12,12,9],"4":[1,7],"5":[16,36]},"_coverageSchema":"d34fc3e6b8297bcde183f5492bcb8fcb36775295","hash":"d96d7232f8a07cb56d3aa6fa071209c6f18e4280","contentHash":"a590ac362efba76e43abcf90bd4193b7"}}